<?xml version="1.0" encoding="UTF-8"?>
<testng-results ignored="0" total="0" passed="0" failed="0" skipped="0">
  <reporter-output>
  </reporter-output>
  <suite started-at="2023-01-06T13:14:01 IST" name="Default suite" finished-at="2023-01-06T13:14:01 IST" duration-ms="350">
    <groups>
      <group name="cucumber">
        <method signature="AbstractTestNGCucumberTests.runScenario(io.cucumber.testng.PickleWrapper,io.cucumber.testng.FeatureWrapper)[pri:0, instance:runner.Runner_class@12aba8be]" name="runScenario" class="io.cucumber.testng.AbstractTestNGCucumberTests"/>
      </group> <!-- cucumber -->
    </groups>
    <test started-at="2023-01-06T13:14:01 IST" name="Default test" finished-at="2023-01-06T13:14:01 IST" duration-ms="350">
      <class name="runner.Runner_class">
        <test-method is-config="true" signature="setUpClass()[pri:0, instance:runner.Runner_class@12aba8be]" started-at="2023-01-06T13:14:01 IST" name="setUpClass" finished-at="2023-01-06T13:14:01 IST" duration-ms="286" status="PASS">
          <reporter-output>
          </reporter-output>
        </test-method> <!-- setUpClass -->
        <test-method is-config="true" signature="tearDownClass()[pri:0, instance:runner.Runner_class@12aba8be]" started-at="2023-01-06T13:14:01 IST" name="tearDownClass" finished-at="2023-01-06T13:14:01 IST" duration-ms="18" status="PASS">
          <reporter-output>
          </reporter-output>
        </test-method> <!-- tearDownClass -->
      </class> <!-- runner.Runner_class -->
    </test> <!-- Default test -->
  </suite> <!-- Default suite -->
</testng-results>
